p = 10
-----------------------------------
-----------------------------------
t = 0
-----------------------------------
-----------------------------------
[read data] p:10; simulation:0
t = 1
-----------------------------------
-----------------------------------
[read data] p:10; simulation:1
t = 2
-----------------------------------
-----------------------------------
[read data] p:10; simulation:2
t = 3
-----------------------------------
-----------------------------------
[read data] p:10; simulation:3
t = 4
-----------------------------------
-----------------------------------
[read data] p:10; simulation:4
t = 5
-----------------------------------
-----------------------------------
[read data] p:10; simulation:5
t = 6
-----------------------------------
-----------------------------------
[read data] p:10; simulation:6
t = 7
-----------------------------------
-----------------------------------
[read data] p:10; simulation:7
t = 8
-----------------------------------
-----------------------------------
[read data] p:10; simulation:8
t = 9
-----------------------------------
-----------------------------------
[read data] p:10; simulation:9
t = 10
-----------------------------------
-----------------------------------
[read data] p:10; simulation:10
t = 11
-----------------------------------
-----------------------------------
[read data] p:10; simulation:11
t = 12
-----------------------------------
-----------------------------------
[read data] p:10; simulation:12
t = 13
-----------------------------------
-----------------------------------
[read data] p:10; simulation:13
t = 14
-----------------------------------
-----------------------------------
[read data] p:10; simulation:14
t = 15
-----------------------------------
-----------------------------------
[read data] p:10; simulation:15
t = 16
-----------------------------------
-----------------------------------
[read data] p:10; simulation:16
t = 17
-----------------------------------
-----------------------------------
[read data] p:10; simulation:17
t = 18
-----------------------------------
-----------------------------------
[read data] p:10; simulation:18
t = 19
-----------------------------------
-----------------------------------
[read data] p:10; simulation:19
t = 20
-----------------------------------
-----------------------------------
[read data] p:10; simulation:20
t = 21
-----------------------------------
-----------------------------------
[read data] p:10; simulation:21
t = 22
-----------------------------------
-----------------------------------
[read data] p:10; simulation:22
t = 23
-----------------------------------
-----------------------------------
[read data] p:10; simulation:23
t = 24
-----------------------------------
-----------------------------------
[read data] p:10; simulation:24
t = 25
-----------------------------------
-----------------------------------
[read data] p:10; simulation:25
t = 26
-----------------------------------
-----------------------------------
[read data] p:10; simulation:26
t = 27
-----------------------------------
-----------------------------------
[read data] p:10; simulation:27
t = 28
-----------------------------------
-----------------------------------
[read data] p:10; simulation:28
t = 29
-----------------------------------
-----------------------------------
[read data] p:10; simulation:29
t = 30
-----------------------------------
-----------------------------------
[read data] p:10; simulation:30
t = 31
-----------------------------------
-----------------------------------
[read data] p:10; simulation:31
t = 32
-----------------------------------
-----------------------------------
[read data] p:10; simulation:32
t = 33
-----------------------------------
-----------------------------------
[read data] p:10; simulation:33
t = 34
-----------------------------------
-----------------------------------
[read data] p:10; simulation:34
t = 35
-----------------------------------
-----------------------------------
[read data] p:10; simulation:35
t = 36
-----------------------------------
-----------------------------------
[read data] p:10; simulation:36
t = 37
-----------------------------------
-----------------------------------
[read data] p:10; simulation:37
t = 38
-----------------------------------
-----------------------------------
[read data] p:10; simulation:38
t = 39
-----------------------------------
-----------------------------------
[read data] p:10; simulation:39
t = 40
-----------------------------------
-----------------------------------
[read data] p:10; simulation:40
t = 41
-----------------------------------
-----------------------------------
[read data] p:10; simulation:41
t = 42
-----------------------------------
-----------------------------------
[read data] p:10; simulation:42
t = 43
-----------------------------------
-----------------------------------
[read data] p:10; simulation:43
t = 44
-----------------------------------
-----------------------------------
[read data] p:10; simulation:44
t = 45
-----------------------------------
-----------------------------------
[read data] p:10; simulation:45
t = 46
-----------------------------------
-----------------------------------
[read data] p:10; simulation:46
t = 47
-----------------------------------
-----------------------------------
[read data] p:10; simulation:47
t = 48
-----------------------------------
-----------------------------------
[read data] p:10; simulation:48
t = 49
-----------------------------------
-----------------------------------
[read data] p:10; simulation:49
t = 50
-----------------------------------
-----------------------------------
[read data] p:10; simulation:50
t = 51
-----------------------------------
-----------------------------------
[read data] p:10; simulation:51
t = 52
-----------------------------------
-----------------------------------
[read data] p:10; simulation:52
t = 53
-----------------------------------
-----------------------------------
[read data] p:10; simulation:53
t = 54
-----------------------------------
-----------------------------------
[read data] p:10; simulation:54
t = 55
-----------------------------------
-----------------------------------
[read data] p:10; simulation:55
t = 56
-----------------------------------
-----------------------------------
[read data] p:10; simulation:56
t = 57
-----------------------------------
-----------------------------------
[read data] p:10; simulation:57
t = 58
-----------------------------------
-----------------------------------
[read data] p:10; simulation:58
t = 59
-----------------------------------
-----------------------------------
[read data] p:10; simulation:59
t = 60
-----------------------------------
-----------------------------------
[read data] p:10; simulation:60
t = 61
-----------------------------------
-----------------------------------
[read data] p:10; simulation:61
t = 62
-----------------------------------
-----------------------------------
[read data] p:10; simulation:62
t = 63
-----------------------------------
-----------------------------------
[read data] p:10; simulation:63
t = 64
-----------------------------------
-----------------------------------
[read data] p:10; simulation:64
t = 65
-----------------------------------
-----------------------------------
[read data] p:10; simulation:65
t = 66
-----------------------------------
-----------------------------------
[read data] p:10; simulation:66
t = 67
-----------------------------------
-----------------------------------
[read data] p:10; simulation:67
t = 68
-----------------------------------
-----------------------------------
[read data] p:10; simulation:68
t = 69
-----------------------------------
-----------------------------------
[read data] p:10; simulation:69
t = 70
-----------------------------------
-----------------------------------
[read data] p:10; simulation:70
t = 71
-----------------------------------
-----------------------------------
[read data] p:10; simulation:71
t = 72
-----------------------------------
-----------------------------------
[read data] p:10; simulation:72
t = 73
-----------------------------------
-----------------------------------
[read data] p:10; simulation:73
t = 74
-----------------------------------
-----------------------------------
[read data] p:10; simulation:74
t = 75
-----------------------------------
-----------------------------------
[read data] p:10; simulation:75
t = 76
-----------------------------------
-----------------------------------
[read data] p:10; simulation:76
t = 77
-----------------------------------
-----------------------------------
[read data] p:10; simulation:77
t = 78
-----------------------------------
-----------------------------------
[read data] p:10; simulation:78
t = 79
-----------------------------------
-----------------------------------
[read data] p:10; simulation:79
t = 80
-----------------------------------
-----------------------------------
[read data] p:10; simulation:80
t = 81
-----------------------------------
-----------------------------------
[read data] p:10; simulation:81
t = 82
-----------------------------------
-----------------------------------
[read data] p:10; simulation:82
t = 83
-----------------------------------
-----------------------------------
[read data] p:10; simulation:83
t = 84
-----------------------------------
-----------------------------------
[read data] p:10; simulation:84
t = 85
-----------------------------------
-----------------------------------
[read data] p:10; simulation:85
t = 86
-----------------------------------
-----------------------------------
[read data] p:10; simulation:86
t = 87
-----------------------------------
-----------------------------------
[read data] p:10; simulation:87
t = 88
-----------------------------------
-----------------------------------
[read data] p:10; simulation:88
t = 89
-----------------------------------
-----------------------------------
[read data] p:10; simulation:89
t = 90
-----------------------------------
-----------------------------------
[read data] p:10; simulation:90
t = 91
-----------------------------------
-----------------------------------
[read data] p:10; simulation:91
t = 92
-----------------------------------
-----------------------------------
[read data] p:10; simulation:92
t = 93
-----------------------------------
-----------------------------------
[read data] p:10; simulation:93
t = 94
-----------------------------------
-----------------------------------
[read data] p:10; simulation:94
t = 95
-----------------------------------
-----------------------------------
[read data] p:10; simulation:95
t = 96
-----------------------------------
-----------------------------------
[read data] p:10; simulation:96
t = 97
-----------------------------------
-----------------------------------
[read data] p:10; simulation:97
t = 98
-----------------------------------
-----------------------------------
[read data] p:10; simulation:98
t = 99
-----------------------------------
-----------------------------------
[read data] p:10; simulation:99
p = 50
-----------------------------------
-----------------------------------
t = 0
-----------------------------------
-----------------------------------
[read data] p:50; simulation:0
t = 1
-----------------------------------
-----------------------------------
[read data] p:50; simulation:1
t = 2
-----------------------------------
-----------------------------------
[read data] p:50; simulation:2
t = 3
-----------------------------------
-----------------------------------
[read data] p:50; simulation:3
t = 4
-----------------------------------
-----------------------------------
[read data] p:50; simulation:4
t = 5
-----------------------------------
-----------------------------------
[read data] p:50; simulation:5
t = 6
-----------------------------------
-----------------------------------
[read data] p:50; simulation:6
t = 7
-----------------------------------
-----------------------------------
[read data] p:50; simulation:7
t = 8
-----------------------------------
-----------------------------------
[read data] p:50; simulation:8
t = 9
-----------------------------------
-----------------------------------
[read data] p:50; simulation:9
t = 10
-----------------------------------
-----------------------------------
[read data] p:50; simulation:10
t = 11
-----------------------------------
-----------------------------------
[read data] p:50; simulation:11
t = 12
-----------------------------------
-----------------------------------
[read data] p:50; simulation:12
t = 13
-----------------------------------
-----------------------------------
[read data] p:50; simulation:13
t = 14
-----------------------------------
-----------------------------------
[read data] p:50; simulation:14
t = 15
-----------------------------------
-----------------------------------
[read data] p:50; simulation:15
t = 16
-----------------------------------
-----------------------------------
[read data] p:50; simulation:16
t = 17
-----------------------------------
-----------------------------------
[read data] p:50; simulation:17
t = 18
-----------------------------------
-----------------------------------
[read data] p:50; simulation:18
t = 19
-----------------------------------
-----------------------------------
[read data] p:50; simulation:19
t = 20
-----------------------------------
-----------------------------------
[read data] p:50; simulation:20
t = 21
-----------------------------------
-----------------------------------
[read data] p:50; simulation:21
t = 22
-----------------------------------
-----------------------------------
[read data] p:50; simulation:22
t = 23
-----------------------------------
-----------------------------------
[read data] p:50; simulation:23
t = 24
-----------------------------------
-----------------------------------
[read data] p:50; simulation:24
t = 25
-----------------------------------
-----------------------------------
[read data] p:50; simulation:25
t = 26
-----------------------------------
-----------------------------------
[read data] p:50; simulation:26
t = 27
-----------------------------------
-----------------------------------
[read data] p:50; simulation:27
t = 28
-----------------------------------
-----------------------------------
[read data] p:50; simulation:28
t = 29
-----------------------------------
-----------------------------------
[read data] p:50; simulation:29
t = 30
-----------------------------------
-----------------------------------
[read data] p:50; simulation:30
t = 31
-----------------------------------
-----------------------------------
[read data] p:50; simulation:31
t = 32
-----------------------------------
-----------------------------------
[read data] p:50; simulation:32
t = 33
-----------------------------------
-----------------------------------
[read data] p:50; simulation:33
t = 34
-----------------------------------
-----------------------------------
[read data] p:50; simulation:34
t = 35
-----------------------------------
-----------------------------------
[read data] p:50; simulation:35
t = 36
-----------------------------------
-----------------------------------
[read data] p:50; simulation:36
t = 37
-----------------------------------
-----------------------------------
[read data] p:50; simulation:37
t = 38
-----------------------------------
-----------------------------------
[read data] p:50; simulation:38
t = 39
-----------------------------------
-----------------------------------
[read data] p:50; simulation:39
t = 40
-----------------------------------
-----------------------------------
[read data] p:50; simulation:40
t = 41
-----------------------------------
-----------------------------------
[read data] p:50; simulation:41
t = 42
-----------------------------------
-----------------------------------
[read data] p:50; simulation:42
t = 43
-----------------------------------
-----------------------------------
[read data] p:50; simulation:43
t = 44
-----------------------------------
-----------------------------------
[read data] p:50; simulation:44
t = 45
-----------------------------------
-----------------------------------
[read data] p:50; simulation:45
t = 46
-----------------------------------
-----------------------------------
[read data] p:50; simulation:46
t = 47
-----------------------------------
-----------------------------------
[read data] p:50; simulation:47
t = 48
-----------------------------------
-----------------------------------
[read data] p:50; simulation:48
t = 49
-----------------------------------
-----------------------------------
[read data] p:50; simulation:49
t = 50
-----------------------------------
-----------------------------------
[read data] p:50; simulation:50
t = 51
-----------------------------------
-----------------------------------
[read data] p:50; simulation:51
t = 52
-----------------------------------
-----------------------------------
[read data] p:50; simulation:52
t = 53
-----------------------------------
-----------------------------------
[read data] p:50; simulation:53
t = 54
-----------------------------------
-----------------------------------
[read data] p:50; simulation:54
t = 55
-----------------------------------
-----------------------------------
[read data] p:50; simulation:55
t = 56
-----------------------------------
-----------------------------------
[read data] p:50; simulation:56
t = 57
-----------------------------------
-----------------------------------
[read data] p:50; simulation:57
t = 58
-----------------------------------
-----------------------------------
[read data] p:50; simulation:58
t = 59
-----------------------------------
-----------------------------------
[read data] p:50; simulation:59
t = 60
-----------------------------------
-----------------------------------
[read data] p:50; simulation:60
t = 61
-----------------------------------
-----------------------------------
[read data] p:50; simulation:61
t = 62
-----------------------------------
-----------------------------------
[read data] p:50; simulation:62
t = 63
-----------------------------------
-----------------------------------
[read data] p:50; simulation:63
t = 64
-----------------------------------
-----------------------------------
[read data] p:50; simulation:64
t = 65
-----------------------------------
-----------------------------------
[read data] p:50; simulation:65
t = 66
-----------------------------------
-----------------------------------
[read data] p:50; simulation:66
t = 67
-----------------------------------
-----------------------------------
[read data] p:50; simulation:67
t = 68
-----------------------------------
-----------------------------------
[read data] p:50; simulation:68
t = 69
-----------------------------------
-----------------------------------
[read data] p:50; simulation:69
t = 70
-----------------------------------
-----------------------------------
[read data] p:50; simulation:70
t = 71
-----------------------------------
-----------------------------------
[read data] p:50; simulation:71
t = 72
-----------------------------------
-----------------------------------
[read data] p:50; simulation:72
t = 73
-----------------------------------
-----------------------------------
[read data] p:50; simulation:73
t = 74
-----------------------------------
-----------------------------------
[read data] p:50; simulation:74
t = 75
-----------------------------------
-----------------------------------
[read data] p:50; simulation:75
t = 76
-----------------------------------
-----------------------------------
[read data] p:50; simulation:76
t = 77
-----------------------------------
-----------------------------------
[read data] p:50; simulation:77
t = 78
-----------------------------------
-----------------------------------
[read data] p:50; simulation:78
t = 79
-----------------------------------
-----------------------------------
[read data] p:50; simulation:79
t = 80
-----------------------------------
-----------------------------------
[read data] p:50; simulation:80
t = 81
-----------------------------------
-----------------------------------
[read data] p:50; simulation:81
t = 82
-----------------------------------
-----------------------------------
[read data] p:50; simulation:82
t = 83
-----------------------------------
-----------------------------------
[read data] p:50; simulation:83
t = 84
-----------------------------------
-----------------------------------
[read data] p:50; simulation:84
t = 85
-----------------------------------
-----------------------------------
[read data] p:50; simulation:85
t = 86
-----------------------------------
-----------------------------------
[read data] p:50; simulation:86
t = 87
-----------------------------------
-----------------------------------
[read data] p:50; simulation:87
t = 88
-----------------------------------
-----------------------------------
[read data] p:50; simulation:88
t = 89
-----------------------------------
-----------------------------------
[read data] p:50; simulation:89
t = 90
-----------------------------------
-----------------------------------
[read data] p:50; simulation:90
t = 91
-----------------------------------
-----------------------------------
[read data] p:50; simulation:91
t = 92
-----------------------------------
-----------------------------------
[read data] p:50; simulation:92
t = 93
-----------------------------------
-----------------------------------
[read data] p:50; simulation:93
t = 94
-----------------------------------
-----------------------------------
[read data] p:50; simulation:94
t = 95
-----------------------------------
-----------------------------------
[read data] p:50; simulation:95
t = 96
-----------------------------------
-----------------------------------
[read data] p:50; simulation:96
t = 97
-----------------------------------
-----------------------------------
[read data] p:50; simulation:97
t = 98
-----------------------------------
-----------------------------------
[read data] p:50; simulation:98
t = 99
-----------------------------------
-----------------------------------
[read data] p:50; simulation:99
p = 100
-----------------------------------
-----------------------------------
t = 0
-----------------------------------
-----------------------------------
[read data] p:100; simulation:0
t = 1
-----------------------------------
-----------------------------------
[read data] p:100; simulation:1
t = 2
-----------------------------------
-----------------------------------
[read data] p:100; simulation:2
t = 3
-----------------------------------
-----------------------------------
[read data] p:100; simulation:3
t = 4
-----------------------------------
-----------------------------------
[read data] p:100; simulation:4
t = 5
-----------------------------------
-----------------------------------
[read data] p:100; simulation:5
t = 6
-----------------------------------
-----------------------------------
[read data] p:100; simulation:6
t = 7
-----------------------------------
-----------------------------------
[read data] p:100; simulation:7
t = 8
-----------------------------------
-----------------------------------
[read data] p:100; simulation:8
t = 9
-----------------------------------
-----------------------------------
[read data] p:100; simulation:9
t = 10
-----------------------------------
-----------------------------------
[read data] p:100; simulation:10
t = 11
-----------------------------------
-----------------------------------
[read data] p:100; simulation:11
t = 12
-----------------------------------
-----------------------------------
[read data] p:100; simulation:12
t = 13
-----------------------------------
-----------------------------------
[read data] p:100; simulation:13
t = 14
-----------------------------------
-----------------------------------
[read data] p:100; simulation:14
t = 15
-----------------------------------
-----------------------------------
[read data] p:100; simulation:15
t = 16
-----------------------------------
-----------------------------------
[read data] p:100; simulation:16
t = 17
-----------------------------------
-----------------------------------
[read data] p:100; simulation:17
t = 18
-----------------------------------
-----------------------------------
[read data] p:100; simulation:18
t = 19
-----------------------------------
-----------------------------------
[read data] p:100; simulation:19
t = 20
-----------------------------------
-----------------------------------
[read data] p:100; simulation:20
t = 21
-----------------------------------
-----------------------------------
[read data] p:100; simulation:21
t = 22
-----------------------------------
-----------------------------------
[read data] p:100; simulation:22
t = 23
-----------------------------------
-----------------------------------
[read data] p:100; simulation:23
t = 24
-----------------------------------
-----------------------------------
[read data] p:100; simulation:24
t = 25
-----------------------------------
-----------------------------------
[read data] p:100; simulation:25
t = 26
-----------------------------------
-----------------------------------
[read data] p:100; simulation:26
t = 27
-----------------------------------
-----------------------------------
[read data] p:100; simulation:27
t = 28
-----------------------------------
-----------------------------------
[read data] p:100; simulation:28
t = 29
-----------------------------------
-----------------------------------
[read data] p:100; simulation:29
t = 30
-----------------------------------
-----------------------------------
[read data] p:100; simulation:30
t = 31
-----------------------------------
-----------------------------------
[read data] p:100; simulation:31
t = 32
-----------------------------------
-----------------------------------
[read data] p:100; simulation:32
t = 33
-----------------------------------
-----------------------------------
[read data] p:100; simulation:33
t = 34
-----------------------------------
-----------------------------------
[read data] p:100; simulation:34
t = 35
-----------------------------------
-----------------------------------
[read data] p:100; simulation:35
t = 36
-----------------------------------
-----------------------------------
[read data] p:100; simulation:36
t = 37
-----------------------------------
-----------------------------------
[read data] p:100; simulation:37
t = 38
-----------------------------------
-----------------------------------
[read data] p:100; simulation:38
t = 39
-----------------------------------
-----------------------------------
[read data] p:100; simulation:39
t = 40
-----------------------------------
-----------------------------------
[read data] p:100; simulation:40
t = 41
-----------------------------------
-----------------------------------
[read data] p:100; simulation:41
t = 42
-----------------------------------
-----------------------------------
[read data] p:100; simulation:42
t = 43
-----------------------------------
-----------------------------------
[read data] p:100; simulation:43
t = 44
-----------------------------------
-----------------------------------
[read data] p:100; simulation:44
t = 45
-----------------------------------
-----------------------------------
[read data] p:100; simulation:45
t = 46
-----------------------------------
-----------------------------------
[read data] p:100; simulation:46
t = 47
-----------------------------------
-----------------------------------
[read data] p:100; simulation:47
t = 48
-----------------------------------
-----------------------------------
[read data] p:100; simulation:48
t = 49
-----------------------------------
-----------------------------------
[read data] p:100; simulation:49
t = 50
-----------------------------------
-----------------------------------
[read data] p:100; simulation:50
t = 51
-----------------------------------
-----------------------------------
[read data] p:100; simulation:51
t = 52
-----------------------------------
-----------------------------------
[read data] p:100; simulation:52
t = 53
-----------------------------------
-----------------------------------
[read data] p:100; simulation:53
t = 54
-----------------------------------
-----------------------------------
[read data] p:100; simulation:54
t = 55
-----------------------------------
-----------------------------------
[read data] p:100; simulation:55
t = 56
-----------------------------------
-----------------------------------
[read data] p:100; simulation:56
t = 57
-----------------------------------
-----------------------------------
[read data] p:100; simulation:57
t = 58
-----------------------------------
-----------------------------------
[read data] p:100; simulation:58
t = 59
-----------------------------------
-----------------------------------
[read data] p:100; simulation:59
t = 60
-----------------------------------
-----------------------------------
[read data] p:100; simulation:60
t = 61
-----------------------------------
-----------------------------------
[read data] p:100; simulation:61
t = 62
-----------------------------------
-----------------------------------
[read data] p:100; simulation:62
t = 63
-----------------------------------
-----------------------------------
[read data] p:100; simulation:63
t = 64
-----------------------------------
-----------------------------------
[read data] p:100; simulation:64
t = 65
-----------------------------------
-----------------------------------
[read data] p:100; simulation:65
t = 66
-----------------------------------
-----------------------------------
[read data] p:100; simulation:66
t = 67
-----------------------------------
-----------------------------------
[read data] p:100; simulation:67
t = 68
-----------------------------------
-----------------------------------
[read data] p:100; simulation:68
t = 69
-----------------------------------
-----------------------------------
[read data] p:100; simulation:69
t = 70
-----------------------------------
-----------------------------------
[read data] p:100; simulation:70
t = 71
-----------------------------------
-----------------------------------
[read data] p:100; simulation:71
t = 72
-----------------------------------
-----------------------------------
[read data] p:100; simulation:72
t = 73
-----------------------------------
-----------------------------------
[read data] p:100; simulation:73
t = 74
-----------------------------------
-----------------------------------
[read data] p:100; simulation:74
t = 75
-----------------------------------
-----------------------------------
[read data] p:100; simulation:75
t = 76
-----------------------------------
-----------------------------------
[read data] p:100; simulation:76
t = 77
-----------------------------------
-----------------------------------
[read data] p:100; simulation:77
t = 78
-----------------------------------
-----------------------------------
[read data] p:100; simulation:78
t = 79
-----------------------------------
-----------------------------------
[read data] p:100; simulation:79
t = 80
-----------------------------------
-----------------------------------
[read data] p:100; simulation:80
t = 81
-----------------------------------
-----------------------------------
[read data] p:100; simulation:81
t = 82
-----------------------------------
-----------------------------------
[read data] p:100; simulation:82
t = 83
-----------------------------------
-----------------------------------
[read data] p:100; simulation:83
t = 84
-----------------------------------
-----------------------------------
[read data] p:100; simulation:84
t = 85
-----------------------------------
-----------------------------------
[read data] p:100; simulation:85
t = 86
-----------------------------------
-----------------------------------
[read data] p:100; simulation:86
t = 87
-----------------------------------
-----------------------------------
[read data] p:100; simulation:87
t = 88
-----------------------------------
-----------------------------------
[read data] p:100; simulation:88
t = 89
-----------------------------------
-----------------------------------
[read data] p:100; simulation:89
t = 90
-----------------------------------
-----------------------------------
[read data] p:100; simulation:90
t = 91
-----------------------------------
-----------------------------------
[read data] p:100; simulation:91
t = 92
-----------------------------------
-----------------------------------
[read data] p:100; simulation:92
t = 93
-----------------------------------
-----------------------------------
[read data] p:100; simulation:93
t = 94
-----------------------------------
-----------------------------------
[read data] p:100; simulation:94
t = 95
-----------------------------------
-----------------------------------
[read data] p:100; simulation:95
t = 96
-----------------------------------
-----------------------------------
[read data] p:100; simulation:96
t = 97
-----------------------------------
-----------------------------------
[read data] p:100; simulation:97
t = 98
-----------------------------------
-----------------------------------
[read data] p:100; simulation:98
t = 99
-----------------------------------
-----------------------------------
[read data] p:100; simulation:99
p = 500
-----------------------------------
-----------------------------------
t = 0
-----------------------------------
-----------------------------------
[read data] p:500; simulation:0
t = 1
-----------------------------------
-----------------------------------
[read data] p:500; simulation:1
t = 2
-----------------------------------
-----------------------------------
[read data] p:500; simulation:2
t = 3
-----------------------------------
-----------------------------------
[read data] p:500; simulation:3
t = 4
-----------------------------------
-----------------------------------
[read data] p:500; simulation:4
t = 5
-----------------------------------
-----------------------------------
[read data] p:500; simulation:5
t = 6
-----------------------------------
-----------------------------------
[read data] p:500; simulation:6
t = 7
-----------------------------------
-----------------------------------
[read data] p:500; simulation:7
t = 8
-----------------------------------
-----------------------------------
[read data] p:500; simulation:8
t = 9
-----------------------------------
-----------------------------------
[read data] p:500; simulation:9
t = 10
-----------------------------------
-----------------------------------
[read data] p:500; simulation:10
t = 11
-----------------------------------
-----------------------------------
[read data] p:500; simulation:11
t = 12
-----------------------------------
-----------------------------------
[read data] p:500; simulation:12
t = 13
-----------------------------------
-----------------------------------
[read data] p:500; simulation:13
t = 14
-----------------------------------
-----------------------------------
[read data] p:500; simulation:14
t = 15
-----------------------------------
-----------------------------------
[read data] p:500; simulation:15
t = 16
-----------------------------------
-----------------------------------
[read data] p:500; simulation:16
t = 17
-----------------------------------
-----------------------------------
[read data] p:500; simulation:17
t = 18
-----------------------------------
-----------------------------------
[read data] p:500; simulation:18
t = 19
-----------------------------------
-----------------------------------
[read data] p:500; simulation:19
t = 20
-----------------------------------
-----------------------------------
[read data] p:500; simulation:20
t = 21
-----------------------------------
-----------------------------------
[read data] p:500; simulation:21
t = 22
-----------------------------------
-----------------------------------
[read data] p:500; simulation:22
t = 23
-----------------------------------
-----------------------------------
[read data] p:500; simulation:23
t = 24
-----------------------------------
-----------------------------------
[read data] p:500; simulation:24
t = 25
-----------------------------------
-----------------------------------
[read data] p:500; simulation:25
t = 26
-----------------------------------
-----------------------------------
[read data] p:500; simulation:26
t = 27
-----------------------------------
-----------------------------------
[read data] p:500; simulation:27
t = 28
-----------------------------------
-----------------------------------
[read data] p:500; simulation:28
t = 29
-----------------------------------
-----------------------------------
[read data] p:500; simulation:29
t = 30
-----------------------------------
-----------------------------------
[read data] p:500; simulation:30
t = 31
-----------------------------------
-----------------------------------
[read data] p:500; simulation:31
t = 32
-----------------------------------
-----------------------------------
[read data] p:500; simulation:32
t = 33
-----------------------------------
-----------------------------------
[read data] p:500; simulation:33
t = 34
-----------------------------------
-----------------------------------
[read data] p:500; simulation:34
t = 35
-----------------------------------
-----------------------------------
[read data] p:500; simulation:35
t = 36
-----------------------------------
-----------------------------------
[read data] p:500; simulation:36
t = 37
-----------------------------------
-----------------------------------
[read data] p:500; simulation:37
t = 38
-----------------------------------
-----------------------------------
[read data] p:500; simulation:38
t = 39
-----------------------------------
-----------------------------------
[read data] p:500; simulation:39
t = 40
-----------------------------------
-----------------------------------
[read data] p:500; simulation:40
t = 41
-----------------------------------
-----------------------------------
[read data] p:500; simulation:41
t = 42
-----------------------------------
-----------------------------------
[read data] p:500; simulation:42
t = 43
-----------------------------------
-----------------------------------
[read data] p:500; simulation:43
t = 44
-----------------------------------
-----------------------------------
[read data] p:500; simulation:44
t = 45
-----------------------------------
-----------------------------------
[read data] p:500; simulation:45
t = 46
-----------------------------------
-----------------------------------
[read data] p:500; simulation:46
t = 47
-----------------------------------
-----------------------------------
[read data] p:500; simulation:47
t = 48
-----------------------------------
-----------------------------------
[read data] p:500; simulation:48
t = 49
-----------------------------------
-----------------------------------
[read data] p:500; simulation:49
t = 50
-----------------------------------
-----------------------------------
[read data] p:500; simulation:50
t = 51
-----------------------------------
-----------------------------------
[read data] p:500; simulation:51
t = 52
-----------------------------------
-----------------------------------
[read data] p:500; simulation:52
t = 53
-----------------------------------
-----------------------------------
[read data] p:500; simulation:53
t = 54
-----------------------------------
-----------------------------------
[read data] p:500; simulation:54
t = 55
-----------------------------------
-----------------------------------
[read data] p:500; simulation:55
t = 56
-----------------------------------
-----------------------------------
[read data] p:500; simulation:56
t = 57
-----------------------------------
-----------------------------------
[read data] p:500; simulation:57
t = 58
-----------------------------------
-----------------------------------
[read data] p:500; simulation:58
t = 59
-----------------------------------
-----------------------------------
[read data] p:500; simulation:59
t = 60
-----------------------------------
-----------------------------------
[read data] p:500; simulation:60
t = 61
-----------------------------------
-----------------------------------
[read data] p:500; simulation:61
t = 62
-----------------------------------
-----------------------------------
[read data] p:500; simulation:62
t = 63
-----------------------------------
-----------------------------------
[read data] p:500; simulation:63
t = 64
-----------------------------------
-----------------------------------
[read data] p:500; simulation:64
t = 65
-----------------------------------
-----------------------------------
[read data] p:500; simulation:65
t = 66
-----------------------------------
-----------------------------------
[read data] p:500; simulation:66
t = 67
-----------------------------------
-----------------------------------
[read data] p:500; simulation:67
t = 68
-----------------------------------
-----------------------------------
[read data] p:500; simulation:68
t = 69
-----------------------------------
-----------------------------------
[read data] p:500; simulation:69
t = 70
-----------------------------------
-----------------------------------
[read data] p:500; simulation:70
t = 71
-----------------------------------
-----------------------------------
[read data] p:500; simulation:71
t = 72
-----------------------------------
-----------------------------------
[read data] p:500; simulation:72
t = 73
-----------------------------------
-----------------------------------
[read data] p:500; simulation:73
t = 74
-----------------------------------
-----------------------------------
[read data] p:500; simulation:74
t = 75
-----------------------------------
-----------------------------------
[read data] p:500; simulation:75
t = 76
-----------------------------------
-----------------------------------
[read data] p:500; simulation:76
t = 77
-----------------------------------
-----------------------------------
[read data] p:500; simulation:77
t = 78
-----------------------------------
-----------------------------------
[read data] p:500; simulation:78
t = 79
-----------------------------------
-----------------------------------
[read data] p:500; simulation:79
t = 80
-----------------------------------
-----------------------------------
[read data] p:500; simulation:80
t = 81
-----------------------------------
-----------------------------------
[read data] p:500; simulation:81
t = 82
-----------------------------------
-----------------------------------
[read data] p:500; simulation:82
t = 83
-----------------------------------
-----------------------------------
[read data] p:500; simulation:83
t = 84
-----------------------------------
-----------------------------------
[read data] p:500; simulation:84
t = 85
-----------------------------------
-----------------------------------
[read data] p:500; simulation:85
t = 86
-----------------------------------
-----------------------------------
[read data] p:500; simulation:86
t = 87
-----------------------------------
-----------------------------------
[read data] p:500; simulation:87
t = 88
-----------------------------------
-----------------------------------
[read data] p:500; simulation:88
t = 89
-----------------------------------
-----------------------------------
[read data] p:500; simulation:89
t = 90
-----------------------------------
-----------------------------------
[read data] p:500; simulation:90
t = 91
-----------------------------------
-----------------------------------
[read data] p:500; simulation:91
t = 92
-----------------------------------
-----------------------------------
[read data] p:500; simulation:92
t = 93
-----------------------------------
-----------------------------------
[read data] p:500; simulation:93
t = 94
-----------------------------------
-----------------------------------
[read data] p:500; simulation:94
t = 95
-----------------------------------
-----------------------------------
[read data] p:500; simulation:95
t = 96
-----------------------------------
-----------------------------------
[read data] p:500; simulation:96
t = 97
-----------------------------------
-----------------------------------
[read data] p:500; simulation:97
t = 98
-----------------------------------
-----------------------------------
[read data] p:500; simulation:98
t = 99
-----------------------------------
-----------------------------------
[read data] p:500; simulation:99
p = 1000
-----------------------------------
-----------------------------------
t = 0
-----------------------------------
-----------------------------------
[read data] p:1000; simulation:0
t = 1
-----------------------------------
-----------------------------------
[read data] p:1000; simulation:1
t = 2
-----------------------------------
-----------------------------------
[read data] p:1000; simulation:2
t = 3
-----------------------------------
-----------------------------------
[read data] p:1000; simulation:3
t = 4
-----------------------------------
-----------------------------------
[read data] p:1000; simulation:4
t = 5
-----------------------------------
-----------------------------------
[read data] p:1000; simulation:5
t = 6
-----------------------------------
-----------------------------------
[read data] p:1000; simulation:6
t = 7
-----------------------------------
-----------------------------------
[read data] p:1000; simulation:7
t = 8
-----------------------------------
-----------------------------------
[read data] p:1000; simulation:8
t = 9
-----------------------------------
-----------------------------------
[read data] p:1000; simulation:9
t = 10
-----------------------------------
-----------------------------------
[read data] p:1000; simulation:10
t = 11
-----------------------------------
-----------------------------------
[read data] p:1000; simulation:11
t = 12
-----------------------------------
-----------------------------------
[read data] p:1000; simulation:12
t = 13
-----------------------------------
-----------------------------------
[read data] p:1000; simulation:13
t = 14
-----------------------------------
-----------------------------------
[read data] p:1000; simulation:14
t = 15
-----------------------------------
-----------------------------------
[read data] p:1000; simulation:15
t = 16
-----------------------------------
-----------------------------------
[read data] p:1000; simulation:16
t = 17
-----------------------------------
-----------------------------------
[read data] p:1000; simulation:17
t = 18
-----------------------------------
-----------------------------------
[read data] p:1000; simulation:18
t = 19
-----------------------------------
-----------------------------------
[read data] p:1000; simulation:19
t = 20
-----------------------------------
-----------------------------------
[read data] p:1000; simulation:20
t = 21
-----------------------------------
-----------------------------------
[read data] p:1000; simulation:21
t = 22
-----------------------------------
-----------------------------------
[read data] p:1000; simulation:22
t = 23
-----------------------------------
-----------------------------------
[read data] p:1000; simulation:23
t = 24
-----------------------------------
-----------------------------------
[read data] p:1000; simulation:24
t = 25
-----------------------------------
-----------------------------------
[read data] p:1000; simulation:25
t = 26
-----------------------------------
-----------------------------------
[read data] p:1000; simulation:26
t = 27
-----------------------------------
-----------------------------------
[read data] p:1000; simulation:27
t = 28
-----------------------------------
-----------------------------------
[read data] p:1000; simulation:28
t = 29
-----------------------------------
-----------------------------------
[read data] p:1000; simulation:29
t = 30
-----------------------------------
-----------------------------------
[read data] p:1000; simulation:30
t = 31
-----------------------------------
-----------------------------------
[read data] p:1000; simulation:31
t = 32
-----------------------------------
-----------------------------------
[read data] p:1000; simulation:32
t = 33
-----------------------------------
-----------------------------------
[read data] p:1000; simulation:33
t = 34
-----------------------------------
-----------------------------------
[read data] p:1000; simulation:34
t = 35
-----------------------------------
-----------------------------------
[read data] p:1000; simulation:35
t = 36
-----------------------------------
-----------------------------------
[read data] p:1000; simulation:36
t = 37
-----------------------------------
-----------------------------------
[read data] p:1000; simulation:37
t = 38
-----------------------------------
-----------------------------------
[read data] p:1000; simulation:38
t = 39
-----------------------------------
-----------------------------------
[read data] p:1000; simulation:39
t = 40
-----------------------------------
-----------------------------------
[read data] p:1000; simulation:40
t = 41
-----------------------------------
-----------------------------------
[read data] p:1000; simulation:41
t = 42
-----------------------------------
-----------------------------------
[read data] p:1000; simulation:42
t = 43
-----------------------------------
-----------------------------------
[read data] p:1000; simulation:43
t = 44
-----------------------------------
-----------------------------------
[read data] p:1000; simulation:44
t = 45
-----------------------------------
-----------------------------------
[read data] p:1000; simulation:45
t = 46
-----------------------------------
-----------------------------------
[read data] p:1000; simulation:46
t = 47
-----------------------------------
-----------------------------------
[read data] p:1000; simulation:47
t = 48
-----------------------------------
-----------------------------------
[read data] p:1000; simulation:48
t = 49
-----------------------------------
-----------------------------------
[read data] p:1000; simulation:49
t = 50
-----------------------------------
-----------------------------------
[read data] p:1000; simulation:50
t = 51
-----------------------------------
-----------------------------------
[read data] p:1000; simulation:51
t = 52
-----------------------------------
-----------------------------------
[read data] p:1000; simulation:52
t = 53
-----------------------------------
-----------------------------------
[read data] p:1000; simulation:53
t = 54
-----------------------------------
-----------------------------------
[read data] p:1000; simulation:54
t = 55
-----------------------------------
-----------------------------------
[read data] p:1000; simulation:55
t = 56
-----------------------------------
-----------------------------------
[read data] p:1000; simulation:56
t = 57
-----------------------------------
-----------------------------------
[read data] p:1000; simulation:57
t = 58
-----------------------------------
-----------------------------------
[read data] p:1000; simulation:58
t = 59
-----------------------------------
-----------------------------------
[read data] p:1000; simulation:59
t = 60
-----------------------------------
-----------------------------------
[read data] p:1000; simulation:60
t = 61
-----------------------------------
-----------------------------------
[read data] p:1000; simulation:61
t = 62
-----------------------------------
-----------------------------------
[read data] p:1000; simulation:62
t = 63
-----------------------------------
-----------------------------------
[read data] p:1000; simulation:63
t = 64
-----------------------------------
-----------------------------------
[read data] p:1000; simulation:64
t = 65
-----------------------------------
-----------------------------------
[read data] p:1000; simulation:65
t = 66
-----------------------------------
-----------------------------------
[read data] p:1000; simulation:66
t = 67
-----------------------------------
-----------------------------------
[read data] p:1000; simulation:67
t = 68
-----------------------------------
-----------------------------------
[read data] p:1000; simulation:68
t = 69
-----------------------------------
-----------------------------------
[read data] p:1000; simulation:69
t = 70
-----------------------------------
-----------------------------------
[read data] p:1000; simulation:70
t = 71
-----------------------------------
-----------------------------------
[read data] p:1000; simulation:71
t = 72
-----------------------------------
-----------------------------------
[read data] p:1000; simulation:72
t = 73
-----------------------------------
-----------------------------------
[read data] p:1000; simulation:73
t = 74
-----------------------------------
-----------------------------------
[read data] p:1000; simulation:74
t = 75
-----------------------------------
-----------------------------------
[read data] p:1000; simulation:75
t = 76
-----------------------------------
-----------------------------------
[read data] p:1000; simulation:76
t = 77
-----------------------------------
-----------------------------------
[read data] p:1000; simulation:77
t = 78
-----------------------------------
-----------------------------------
[read data] p:1000; simulation:78
t = 79
-----------------------------------
-----------------------------------
[read data] p:1000; simulation:79
t = 80
-----------------------------------
-----------------------------------
[read data] p:1000; simulation:80
t = 81
-----------------------------------
-----------------------------------
[read data] p:1000; simulation:81
t = 82
-----------------------------------
-----------------------------------
[read data] p:1000; simulation:82
t = 83
-----------------------------------
-----------------------------------
[read data] p:1000; simulation:83
t = 84
-----------------------------------
-----------------------------------
[read data] p:1000; simulation:84
t = 85
-----------------------------------
-----------------------------------
[read data] p:1000; simulation:85
t = 86
-----------------------------------
-----------------------------------
[read data] p:1000; simulation:86
t = 87
-----------------------------------
-----------------------------------
[read data] p:1000; simulation:87
t = 88
-----------------------------------
-----------------------------------
[read data] p:1000; simulation:88
t = 89
-----------------------------------
-----------------------------------
[read data] p:1000; simulation:89
t = 90
-----------------------------------
-----------------------------------
[read data] p:1000; simulation:90
t = 91
-----------------------------------
-----------------------------------
[read data] p:1000; simulation:91
t = 92
-----------------------------------
-----------------------------------
[read data] p:1000; simulation:92
t = 93
-----------------------------------
-----------------------------------
[read data] p:1000; simulation:93
t = 94
-----------------------------------
-----------------------------------
[read data] p:1000; simulation:94
t = 95
-----------------------------------
-----------------------------------
[read data] p:1000; simulation:95
t = 96
-----------------------------------
-----------------------------------
[read data] p:1000; simulation:96
t = 97
-----------------------------------
-----------------------------------
[read data] p:1000; simulation:97
t = 98
-----------------------------------
-----------------------------------
[read data] p:1000; simulation:98
t = 99
-----------------------------------
-----------------------------------
[read data] p:1000; simulation:99
p = 5000
-----------------------------------
-----------------------------------
t = 0
-----------------------------------
-----------------------------------
[read data] p:5000; simulation:0
t = 1
-----------------------------------
-----------------------------------
[read data] p:5000; simulation:1
t = 2
-----------------------------------
-----------------------------------
[read data] p:5000; simulation:2
t = 3
-----------------------------------
-----------------------------------
[read data] p:5000; simulation:3
t = 4
-----------------------------------
-----------------------------------
[read data] p:5000; simulation:4
t = 5
-----------------------------------
-----------------------------------
[read data] p:5000; simulation:5
t = 6
-----------------------------------
-----------------------------------
[read data] p:5000; simulation:6
t = 7
-----------------------------------
-----------------------------------
[read data] p:5000; simulation:7
t = 8
-----------------------------------
-----------------------------------
[read data] p:5000; simulation:8
t = 9
-----------------------------------
-----------------------------------
[read data] p:5000; simulation:9
t = 10
-----------------------------------
-----------------------------------
[read data] p:5000; simulation:10
t = 11
-----------------------------------
-----------------------------------
[read data] p:5000; simulation:11
t = 12
-----------------------------------
-----------------------------------
[read data] p:5000; simulation:12
t = 13
-----------------------------------
-----------------------------------
[read data] p:5000; simulation:13
t = 14
-----------------------------------
-----------------------------------
[read data] p:5000; simulation:14
t = 15
-----------------------------------
-----------------------------------
[read data] p:5000; simulation:15
t = 16
-----------------------------------
-----------------------------------
[read data] p:5000; simulation:16
t = 17
-----------------------------------
-----------------------------------
[read data] p:5000; simulation:17
t = 18
-----------------------------------
-----------------------------------
[read data] p:5000; simulation:18
t = 19
-----------------------------------
-----------------------------------
[read data] p:5000; simulation:19
t = 20
-----------------------------------
-----------------------------------
[read data] p:5000; simulation:20
t = 21
-----------------------------------
-----------------------------------
[read data] p:5000; simulation:21
t = 22
-----------------------------------
-----------------------------------
[read data] p:5000; simulation:22
t = 23
-----------------------------------
-----------------------------------
[read data] p:5000; simulation:23
t = 24
-----------------------------------
-----------------------------------
[read data] p:5000; simulation:24
t = 25
-----------------------------------
-----------------------------------
[read data] p:5000; simulation:25
t = 26
-----------------------------------
-----------------------------------
[read data] p:5000; simulation:26
t = 27
-----------------------------------
-----------------------------------
[read data] p:5000; simulation:27
t = 28
-----------------------------------
-----------------------------------
[read data] p:5000; simulation:28
t = 29
-----------------------------------
-----------------------------------
[read data] p:5000; simulation:29
t = 30
-----------------------------------
-----------------------------------
[read data] p:5000; simulation:30
t = 31
-----------------------------------
-----------------------------------
[read data] p:5000; simulation:31
t = 32
-----------------------------------
-----------------------------------
[read data] p:5000; simulation:32
t = 33
-----------------------------------
-----------------------------------
[read data] p:5000; simulation:33
t = 34
-----------------------------------
-----------------------------------
[read data] p:5000; simulation:34
t = 35
-----------------------------------
-----------------------------------
[read data] p:5000; simulation:35
t = 36
-----------------------------------
-----------------------------------
[read data] p:5000; simulation:36
t = 37
-----------------------------------
-----------------------------------
[read data] p:5000; simulation:37
t = 38
-----------------------------------
-----------------------------------
[read data] p:5000; simulation:38
t = 39
-----------------------------------
-----------------------------------
[read data] p:5000; simulation:39
t = 40
-----------------------------------
-----------------------------------
[read data] p:5000; simulation:40
t = 41
-----------------------------------
-----------------------------------
[read data] p:5000; simulation:41
t = 42
-----------------------------------
-----------------------------------
[read data] p:5000; simulation:42
t = 43
-----------------------------------
-----------------------------------
[read data] p:5000; simulation:43
t = 44
-----------------------------------
-----------------------------------
[read data] p:5000; simulation:44
t = 45
-----------------------------------
-----------------------------------
[read data] p:5000; simulation:45
t = 46
-----------------------------------
-----------------------------------
[read data] p:5000; simulation:46
t = 47
-----------------------------------
-----------------------------------
[read data] p:5000; simulation:47
t = 48
-----------------------------------
-----------------------------------
[read data] p:5000; simulation:48
t = 49
-----------------------------------
-----------------------------------
[read data] p:5000; simulation:49
t = 50
-----------------------------------
-----------------------------------
[read data] p:5000; simulation:50
t = 51
-----------------------------------
-----------------------------------
[read data] p:5000; simulation:51
t = 52
-----------------------------------
-----------------------------------
[read data] p:5000; simulation:52
t = 53
-----------------------------------
-----------------------------------
[read data] p:5000; simulation:53
t = 54
-----------------------------------
-----------------------------------
[read data] p:5000; simulation:54
t = 55
-----------------------------------
-----------------------------------
[read data] p:5000; simulation:55
t = 56
-----------------------------------
-----------------------------------
[read data] p:5000; simulation:56
t = 57
-----------------------------------
-----------------------------------
[read data] p:5000; simulation:57
t = 58
-----------------------------------
-----------------------------------
[read data] p:5000; simulation:58
t = 59
-----------------------------------
-----------------------------------
[read data] p:5000; simulation:59
t = 60
-----------------------------------
-----------------------------------
[read data] p:5000; simulation:60
t = 61
-----------------------------------
-----------------------------------
[read data] p:5000; simulation:61
t = 62
-----------------------------------
-----------------------------------
[read data] p:5000; simulation:62
t = 63
-----------------------------------
-----------------------------------
[read data] p:5000; simulation:63
t = 64
-----------------------------------
-----------------------------------
[read data] p:5000; simulation:64
t = 65
-----------------------------------
-----------------------------------
[read data] p:5000; simulation:65
t = 66
-----------------------------------
-----------------------------------
[read data] p:5000; simulation:66
t = 67
-----------------------------------
-----------------------------------
[read data] p:5000; simulation:67
t = 68
-----------------------------------
-----------------------------------
[read data] p:5000; simulation:68
t = 69
-----------------------------------
-----------------------------------
[read data] p:5000; simulation:69
t = 70
-----------------------------------
-----------------------------------
[read data] p:5000; simulation:70
t = 71
-----------------------------------
-----------------------------------
[read data] p:5000; simulation:71
t = 72
-----------------------------------
-----------------------------------
[read data] p:5000; simulation:72
t = 73
-----------------------------------
-----------------------------------
[read data] p:5000; simulation:73
t = 74
-----------------------------------
-----------------------------------
[read data] p:5000; simulation:74
t = 75
-----------------------------------
-----------------------------------
[read data] p:5000; simulation:75
t = 76
-----------------------------------
-----------------------------------
[read data] p:5000; simulation:76
t = 77
-----------------------------------
-----------------------------------
[read data] p:5000; simulation:77
t = 78
-----------------------------------
-----------------------------------
[read data] p:5000; simulation:78
t = 79
-----------------------------------
-----------------------------------
[read data] p:5000; simulation:79
t = 80
-----------------------------------
-----------------------------------
[read data] p:5000; simulation:80
t = 81
-----------------------------------
-----------------------------------
[read data] p:5000; simulation:81
t = 82
-----------------------------------
-----------------------------------
[read data] p:5000; simulation:82
t = 83
-----------------------------------
-----------------------------------
[read data] p:5000; simulation:83
t = 84
-----------------------------------
-----------------------------------
[read data] p:5000; simulation:84
t = 85
-----------------------------------
-----------------------------------
[read data] p:5000; simulation:85
t = 86
-----------------------------------
-----------------------------------
[read data] p:5000; simulation:86
t = 87
-----------------------------------
-----------------------------------
[read data] p:5000; simulation:87
t = 88
-----------------------------------
-----------------------------------
[read data] p:5000; simulation:88
t = 89
-----------------------------------
-----------------------------------
[read data] p:5000; simulation:89
t = 90
-----------------------------------
-----------------------------------
[read data] p:5000; simulation:90
t = 91
-----------------------------------
-----------------------------------
[read data] p:5000; simulation:91
t = 92
-----------------------------------
-----------------------------------
[read data] p:5000; simulation:92
t = 93
-----------------------------------
-----------------------------------
[read data] p:5000; simulation:93
t = 94
-----------------------------------
-----------------------------------
[read data] p:5000; simulation:94
t = 95
-----------------------------------
-----------------------------------
[read data] p:5000; simulation:95
t = 96
-----------------------------------
-----------------------------------
[read data] p:5000; simulation:96
t = 97
-----------------------------------
-----------------------------------
[read data] p:5000; simulation:97
t = 98
-----------------------------------
-----------------------------------
[read data] p:5000; simulation:98
t = 99
-----------------------------------
-----------------------------------
[read data] p:5000; simulation:99
p = 10000
-----------------------------------
-----------------------------------
t = 0
-----------------------------------
-----------------------------------
[read data] p:10000; simulation:0
t = 1
-----------------------------------
-----------------------------------
[read data] p:10000; simulation:1
t = 2
-----------------------------------
-----------------------------------
[read data] p:10000; simulation:2
t = 3
-----------------------------------
-----------------------------------
[read data] p:10000; simulation:3
t = 4
-----------------------------------
-----------------------------------
[read data] p:10000; simulation:4
t = 5
-----------------------------------
-----------------------------------
[read data] p:10000; simulation:5
t = 6
-----------------------------------
-----------------------------------
[read data] p:10000; simulation:6
t = 7
-----------------------------------
-----------------------------------
[read data] p:10000; simulation:7
t = 8
-----------------------------------
-----------------------------------
[read data] p:10000; simulation:8
t = 9
-----------------------------------
-----------------------------------
[read data] p:10000; simulation:9
t = 10
-----------------------------------
-----------------------------------
[read data] p:10000; simulation:10
t = 11
-----------------------------------
-----------------------------------
[read data] p:10000; simulation:11
t = 12
-----------------------------------
-----------------------------------
[read data] p:10000; simulation:12
t = 13
-----------------------------------
-----------------------------------
[read data] p:10000; simulation:13
t = 14
-----------------------------------
-----------------------------------
[read data] p:10000; simulation:14
t = 15
-----------------------------------
-----------------------------------
[read data] p:10000; simulation:15
t = 16
-----------------------------------
-----------------------------------
[read data] p:10000; simulation:16
t = 17
-----------------------------------
-----------------------------------
[read data] p:10000; simulation:17
t = 18
-----------------------------------
-----------------------------------
[read data] p:10000; simulation:18
t = 19
-----------------------------------
-----------------------------------
[read data] p:10000; simulation:19
t = 20
-----------------------------------
-----------------------------------
[read data] p:10000; simulation:20
t = 21
-----------------------------------
-----------------------------------
[read data] p:10000; simulation:21
t = 22
-----------------------------------
-----------------------------------
[read data] p:10000; simulation:22
t = 23
-----------------------------------
-----------------------------------
[read data] p:10000; simulation:23
t = 24
-----------------------------------
-----------------------------------
[read data] p:10000; simulation:24
t = 25
-----------------------------------
-----------------------------------
[read data] p:10000; simulation:25
t = 26
-----------------------------------
-----------------------------------
[read data] p:10000; simulation:26
t = 27
-----------------------------------
-----------------------------------
[read data] p:10000; simulation:27
t = 28
-----------------------------------
-----------------------------------
[read data] p:10000; simulation:28
t = 29
-----------------------------------
-----------------------------------
[read data] p:10000; simulation:29
t = 30
-----------------------------------
-----------------------------------
[read data] p:10000; simulation:30
t = 31
-----------------------------------
-----------------------------------
[read data] p:10000; simulation:31
t = 32
-----------------------------------
-----------------------------------
[read data] p:10000; simulation:32
t = 33
-----------------------------------
-----------------------------------
[read data] p:10000; simulation:33
t = 34
-----------------------------------
-----------------------------------
[read data] p:10000; simulation:34
t = 35
-----------------------------------
-----------------------------------
[read data] p:10000; simulation:35
t = 36
-----------------------------------
-----------------------------------
[read data] p:10000; simulation:36
t = 37
-----------------------------------
-----------------------------------
[read data] p:10000; simulation:37
t = 38
-----------------------------------
-----------------------------------
[read data] p:10000; simulation:38
t = 39
-----------------------------------
-----------------------------------
[read data] p:10000; simulation:39
t = 40
-----------------------------------
-----------------------------------
[read data] p:10000; simulation:40
t = 41
-----------------------------------
-----------------------------------
[read data] p:10000; simulation:41
t = 42
-----------------------------------
-----------------------------------
[read data] p:10000; simulation:42
t = 43
-----------------------------------
-----------------------------------
[read data] p:10000; simulation:43
t = 44
-----------------------------------
-----------------------------------
[read data] p:10000; simulation:44
t = 45
-----------------------------------
-----------------------------------
[read data] p:10000; simulation:45
t = 46
-----------------------------------
-----------------------------------
[read data] p:10000; simulation:46
t = 47
-----------------------------------
-----------------------------------
[read data] p:10000; simulation:47
t = 48
-----------------------------------
-----------------------------------
[read data] p:10000; simulation:48
t = 49
-----------------------------------
-----------------------------------
[read data] p:10000; simulation:49
t = 50
-----------------------------------
-----------------------------------
[read data] p:10000; simulation:50
t = 51
-----------------------------------
-----------------------------------
[read data] p:10000; simulation:51
t = 52
-----------------------------------
-----------------------------------
[read data] p:10000; simulation:52
t = 53
-----------------------------------
-----------------------------------
[read data] p:10000; simulation:53
t = 54
-----------------------------------
-----------------------------------
[read data] p:10000; simulation:54
t = 55
-----------------------------------
-----------------------------------
[read data] p:10000; simulation:55
t = 56
-----------------------------------
-----------------------------------
[read data] p:10000; simulation:56
t = 57
-----------------------------------
-----------------------------------
[read data] p:10000; simulation:57
t = 58
-----------------------------------
-----------------------------------
[read data] p:10000; simulation:58
t = 59
-----------------------------------
-----------------------------------
[read data] p:10000; simulation:59
t = 60
-----------------------------------
-----------------------------------
[read data] p:10000; simulation:60
t = 61
-----------------------------------
-----------------------------------
[read data] p:10000; simulation:61
t = 62
-----------------------------------
-----------------------------------
[read data] p:10000; simulation:62
t = 63
-----------------------------------
-----------------------------------
[read data] p:10000; simulation:63
t = 64
-----------------------------------
-----------------------------------
[read data] p:10000; simulation:64
t = 65
-----------------------------------
-----------------------------------
[read data] p:10000; simulation:65
t = 66
-----------------------------------
-----------------------------------
[read data] p:10000; simulation:66
t = 67
-----------------------------------
-----------------------------------
[read data] p:10000; simulation:67
t = 68
-----------------------------------
-----------------------------------
[read data] p:10000; simulation:68
t = 69
-----------------------------------
-----------------------------------
[read data] p:10000; simulation:69
t = 70
-----------------------------------
-----------------------------------
[read data] p:10000; simulation:70
t = 71
-----------------------------------
-----------------------------------
[read data] p:10000; simulation:71
t = 72
-----------------------------------
-----------------------------------
[read data] p:10000; simulation:72
t = 73
-----------------------------------
-----------------------------------
[read data] p:10000; simulation:73
t = 74
-----------------------------------
-----------------------------------
[read data] p:10000; simulation:74
t = 75
-----------------------------------
-----------------------------------
[read data] p:10000; simulation:75
t = 76
-----------------------------------
-----------------------------------
[read data] p:10000; simulation:76
t = 77
-----------------------------------
-----------------------------------
[read data] p:10000; simulation:77
t = 78
-----------------------------------
-----------------------------------
[read data] p:10000; simulation:78
t = 79
-----------------------------------
-----------------------------------
[read data] p:10000; simulation:79
t = 80
-----------------------------------
-----------------------------------
[read data] p:10000; simulation:80
t = 81
-----------------------------------
-----------------------------------
[read data] p:10000; simulation:81
t = 82
-----------------------------------
-----------------------------------
[read data] p:10000; simulation:82
t = 83
-----------------------------------
-----------------------------------
[read data] p:10000; simulation:83
t = 84
-----------------------------------
-----------------------------------
[read data] p:10000; simulation:84
t = 85
-----------------------------------
-----------------------------------
[read data] p:10000; simulation:85
t = 86
-----------------------------------
-----------------------------------
[read data] p:10000; simulation:86
t = 87
-----------------------------------
-----------------------------------
[read data] p:10000; simulation:87
t = 88
-----------------------------------
-----------------------------------
[read data] p:10000; simulation:88
t = 89
-----------------------------------
-----------------------------------
[read data] p:10000; simulation:89
t = 90
-----------------------------------
-----------------------------------
[read data] p:10000; simulation:90
t = 91
-----------------------------------
-----------------------------------
[read data] p:10000; simulation:91
t = 92
-----------------------------------
-----------------------------------
[read data] p:10000; simulation:92
t = 93
-----------------------------------
-----------------------------------
[read data] p:10000; simulation:93
t = 94
-----------------------------------
-----------------------------------
[read data] p:10000; simulation:94
t = 95
-----------------------------------
-----------------------------------
[read data] p:10000; simulation:95
t = 96
-----------------------------------
-----------------------------------
[read data] p:10000; simulation:96
t = 97
-----------------------------------
-----------------------------------
[read data] p:10000; simulation:97
t = 98
-----------------------------------
-----------------------------------
[read data] p:10000; simulation:98
t = 99
-----------------------------------
-----------------------------------
[read data] p:10000; simulation:99
