/scratch/gpfs/qy1448/Double_Deep_Learning/utility/utility_data.py:48: RuntimeWarning: k >= N - 1 for N * N square matrix. Attempting to use scipy.linalg.eig instead.
  eigen_values, eigen_vectors = eigs(cov_mat, r_bar, which='LM')
/scratch/gpfs/qy1448/Double_Deep_Learning/utility/utility_data.py:48: RuntimeWarning: k >= N - 1 for N * N square matrix. Attempting to use scipy.linalg.eig instead.
  eigen_values, eigen_vectors = eigs(cov_mat, r_bar, which='LM')
/scratch/gpfs/qy1448/Double_Deep_Learning/utility/utility_data.py:48: RuntimeWarning: k >= N - 1 for N * N square matrix. Attempting to use scipy.linalg.eig instead.
  eigen_values, eigen_vectors = eigs(cov_mat, r_bar, which='LM')
/scratch/gpfs/qy1448/Double_Deep_Learning/utility/utility_data.py:48: RuntimeWarning: k >= N - 1 for N * N square matrix. Attempting to use scipy.linalg.eig instead.
  eigen_values, eigen_vectors = eigs(cov_mat, r_bar, which='LM')
/scratch/gpfs/qy1448/Double_Deep_Learning/utility/utility_data.py:48: RuntimeWarning: k >= N - 1 for N * N square matrix. Attempting to use scipy.linalg.eig instead.
  eigen_values, eigen_vectors = eigs(cov_mat, r_bar, which='LM')
/scratch/gpfs/qy1448/Double_Deep_Learning/utility/utility_data.py:48: RuntimeWarning: k >= N - 1 for N * N square matrix. Attempting to use scipy.linalg.eig instead.
  eigen_values, eigen_vectors = eigs(cov_mat, r_bar, which='LM')
/scratch/gpfs/qy1448/Double_Deep_Learning/utility/utility_data.py:48: RuntimeWarning: k >= N - 1 for N * N square matrix. Attempting to use scipy.linalg.eig instead.
  eigen_values, eigen_vectors = eigs(cov_mat, r_bar, which='LM')
/scratch/gpfs/qy1448/Double_Deep_Learning/utility/utility_data.py:48: RuntimeWarning: k >= N - 1 for N * N square matrix. Attempting to use scipy.linalg.eig instead.
  eigen_values, eigen_vectors = eigs(cov_mat, r_bar, which='LM')
/scratch/gpfs/qy1448/Double_Deep_Learning/utility/utility_data.py:48: RuntimeWarning: k >= N - 1 for N * N square matrix. Attempting to use scipy.linalg.eig instead.
  eigen_values, eigen_vectors = eigs(cov_mat, r_bar, which='LM')
/scratch/gpfs/qy1448/Double_Deep_Learning/utility/utility_data.py:48: RuntimeWarning: k >= N - 1 for N * N square matrix. Attempting to use scipy.linalg.eig instead.
  eigen_values, eigen_vectors = eigs(cov_mat, r_bar, which='LM')
/scratch/gpfs/qy1448/Double_Deep_Learning/utility/utility_data.py:48: RuntimeWarning: k >= N - 1 for N * N square matrix. Attempting to use scipy.linalg.eig instead.
  eigen_values, eigen_vectors = eigs(cov_mat, r_bar, which='LM')
/scratch/gpfs/qy1448/Double_Deep_Learning/utility/utility_data.py:48: RuntimeWarning: k >= N - 1 for N * N square matrix. Attempting to use scipy.linalg.eig instead.
  eigen_values, eigen_vectors = eigs(cov_mat, r_bar, which='LM')
/scratch/gpfs/qy1448/Double_Deep_Learning/utility/utility_data.py:48: RuntimeWarning: k >= N - 1 for N * N square matrix. Attempting to use scipy.linalg.eig instead.
  eigen_values, eigen_vectors = eigs(cov_mat, r_bar, which='LM')
/scratch/gpfs/qy1448/Double_Deep_Learning/utility/utility_data.py:48: RuntimeWarning: k >= N - 1 for N * N square matrix. Attempting to use scipy.linalg.eig instead.
  eigen_values, eigen_vectors = eigs(cov_mat, r_bar, which='LM')
/scratch/gpfs/qy1448/Double_Deep_Learning/utility/utility_data.py:48: RuntimeWarning: k >= N - 1 for N * N square matrix. Attempting to use scipy.linalg.eig instead.
  eigen_values, eigen_vectors = eigs(cov_mat, r_bar, which='LM')
/scratch/gpfs/qy1448/Double_Deep_Learning/utility/utility_data.py:48: RuntimeWarning: k >= N - 1 for N * N square matrix. Attempting to use scipy.linalg.eig instead.
  eigen_values, eigen_vectors = eigs(cov_mat, r_bar, which='LM')
/scratch/gpfs/qy1448/Double_Deep_Learning/utility/utility_data.py:48: RuntimeWarning: k >= N - 1 for N * N square matrix. Attempting to use scipy.linalg.eig instead.
  eigen_values, eigen_vectors = eigs(cov_mat, r_bar, which='LM')
/scratch/gpfs/qy1448/Double_Deep_Learning/utility/utility_data.py:48: RuntimeWarning: k >= N - 1 for N * N square matrix. Attempting to use scipy.linalg.eig instead.
  eigen_values, eigen_vectors = eigs(cov_mat, r_bar, which='LM')
/scratch/gpfs/qy1448/Double_Deep_Learning/utility/utility_data.py:48: RuntimeWarning: k >= N - 1 for N * N square matrix. Attempting to use scipy.linalg.eig instead.
  eigen_values, eigen_vectors = eigs(cov_mat, r_bar, which='LM')
/scratch/gpfs/qy1448/Double_Deep_Learning/utility/utility_data.py:48: RuntimeWarning: k >= N - 1 for N * N square matrix. Attempting to use scipy.linalg.eig instead.
  eigen_values, eigen_vectors = eigs(cov_mat, r_bar, which='LM')
/scratch/gpfs/qy1448/Double_Deep_Learning/utility/utility_data.py:48: RuntimeWarning: k >= N - 1 for N * N square matrix. Attempting to use scipy.linalg.eig instead.
  eigen_values, eigen_vectors = eigs(cov_mat, r_bar, which='LM')
/scratch/gpfs/qy1448/Double_Deep_Learning/utility/utility_data.py:48: RuntimeWarning: k >= N - 1 for N * N square matrix. Attempting to use scipy.linalg.eig instead.
  eigen_values, eigen_vectors = eigs(cov_mat, r_bar, which='LM')
/scratch/gpfs/qy1448/Double_Deep_Learning/utility/utility_data.py:48: RuntimeWarning: k >= N - 1 for N * N square matrix. Attempting to use scipy.linalg.eig instead.
  eigen_values, eigen_vectors = eigs(cov_mat, r_bar, which='LM')
/scratch/gpfs/qy1448/Double_Deep_Learning/utility/utility_data.py:48: RuntimeWarning: k >= N - 1 for N * N square matrix. Attempting to use scipy.linalg.eig instead.
  eigen_values, eigen_vectors = eigs(cov_mat, r_bar, which='LM')
/scratch/gpfs/qy1448/Double_Deep_Learning/utility/utility_data.py:48: RuntimeWarning: k >= N - 1 for N * N square matrix. Attempting to use scipy.linalg.eig instead.
  eigen_values, eigen_vectors = eigs(cov_mat, r_bar, which='LM')
/scratch/gpfs/qy1448/Double_Deep_Learning/utility/utility_data.py:48: RuntimeWarning: k >= N - 1 for N * N square matrix. Attempting to use scipy.linalg.eig instead.
  eigen_values, eigen_vectors = eigs(cov_mat, r_bar, which='LM')
/scratch/gpfs/qy1448/Double_Deep_Learning/utility/utility_data.py:48: RuntimeWarning: k >= N - 1 for N * N square matrix. Attempting to use scipy.linalg.eig instead.
  eigen_values, eigen_vectors = eigs(cov_mat, r_bar, which='LM')
/scratch/gpfs/qy1448/Double_Deep_Learning/utility/utility_data.py:48: RuntimeWarning: k >= N - 1 for N * N square matrix. Attempting to use scipy.linalg.eig instead.
  eigen_values, eigen_vectors = eigs(cov_mat, r_bar, which='LM')
/scratch/gpfs/qy1448/Double_Deep_Learning/utility/utility_data.py:48: RuntimeWarning: k >= N - 1 for N * N square matrix. Attempting to use scipy.linalg.eig instead.
  eigen_values, eigen_vectors = eigs(cov_mat, r_bar, which='LM')
/scratch/gpfs/qy1448/Double_Deep_Learning/utility/utility_data.py:48: RuntimeWarning: k >= N - 1 for N * N square matrix. Attempting to use scipy.linalg.eig instead.
  eigen_values, eigen_vectors = eigs(cov_mat, r_bar, which='LM')
/scratch/gpfs/qy1448/Double_Deep_Learning/utility/utility_data.py:48: RuntimeWarning: k >= N - 1 for N * N square matrix. Attempting to use scipy.linalg.eig instead.
  eigen_values, eigen_vectors = eigs(cov_mat, r_bar, which='LM')
/scratch/gpfs/qy1448/Double_Deep_Learning/utility/utility_data.py:48: RuntimeWarning: k >= N - 1 for N * N square matrix. Attempting to use scipy.linalg.eig instead.
  eigen_values, eigen_vectors = eigs(cov_mat, r_bar, which='LM')
/scratch/gpfs/qy1448/Double_Deep_Learning/utility/utility_data.py:48: RuntimeWarning: k >= N - 1 for N * N square matrix. Attempting to use scipy.linalg.eig instead.
  eigen_values, eigen_vectors = eigs(cov_mat, r_bar, which='LM')
/scratch/gpfs/qy1448/Double_Deep_Learning/utility/utility_data.py:48: RuntimeWarning: k >= N - 1 for N * N square matrix. Attempting to use scipy.linalg.eig instead.
  eigen_values, eigen_vectors = eigs(cov_mat, r_bar, which='LM')
/scratch/gpfs/qy1448/Double_Deep_Learning/utility/utility_data.py:48: RuntimeWarning: k >= N - 1 for N * N square matrix. Attempting to use scipy.linalg.eig instead.
  eigen_values, eigen_vectors = eigs(cov_mat, r_bar, which='LM')
/scratch/gpfs/qy1448/Double_Deep_Learning/utility/utility_data.py:48: RuntimeWarning: k >= N - 1 for N * N square matrix. Attempting to use scipy.linalg.eig instead.
  eigen_values, eigen_vectors = eigs(cov_mat, r_bar, which='LM')
/scratch/gpfs/qy1448/Double_Deep_Learning/utility/utility_data.py:48: RuntimeWarning: k >= N - 1 for N * N square matrix. Attempting to use scipy.linalg.eig instead.
  eigen_values, eigen_vectors = eigs(cov_mat, r_bar, which='LM')
/scratch/gpfs/qy1448/Double_Deep_Learning/utility/utility_data.py:48: RuntimeWarning: k >= N - 1 for N * N square matrix. Attempting to use scipy.linalg.eig instead.
  eigen_values, eigen_vectors = eigs(cov_mat, r_bar, which='LM')
/scratch/gpfs/qy1448/Double_Deep_Learning/utility/utility_data.py:48: RuntimeWarning: k >= N - 1 for N * N square matrix. Attempting to use scipy.linalg.eig instead.
  eigen_values, eigen_vectors = eigs(cov_mat, r_bar, which='LM')
/scratch/gpfs/qy1448/Double_Deep_Learning/utility/utility_data.py:48: RuntimeWarning: k >= N - 1 for N * N square matrix. Attempting to use scipy.linalg.eig instead.
  eigen_values, eigen_vectors = eigs(cov_mat, r_bar, which='LM')
/scratch/gpfs/qy1448/Double_Deep_Learning/utility/utility_data.py:48: RuntimeWarning: k >= N - 1 for N * N square matrix. Attempting to use scipy.linalg.eig instead.
  eigen_values, eigen_vectors = eigs(cov_mat, r_bar, which='LM')
/scratch/gpfs/qy1448/Double_Deep_Learning/utility/utility_data.py:48: RuntimeWarning: k >= N - 1 for N * N square matrix. Attempting to use scipy.linalg.eig instead.
  eigen_values, eigen_vectors = eigs(cov_mat, r_bar, which='LM')
/scratch/gpfs/qy1448/Double_Deep_Learning/utility/utility_data.py:48: RuntimeWarning: k >= N - 1 for N * N square matrix. Attempting to use scipy.linalg.eig instead.
  eigen_values, eigen_vectors = eigs(cov_mat, r_bar, which='LM')
/scratch/gpfs/qy1448/Double_Deep_Learning/utility/utility_data.py:48: RuntimeWarning: k >= N - 1 for N * N square matrix. Attempting to use scipy.linalg.eig instead.
  eigen_values, eigen_vectors = eigs(cov_mat, r_bar, which='LM')
/scratch/gpfs/qy1448/Double_Deep_Learning/utility/utility_data.py:48: RuntimeWarning: k >= N - 1 for N * N square matrix. Attempting to use scipy.linalg.eig instead.
  eigen_values, eigen_vectors = eigs(cov_mat, r_bar, which='LM')
/scratch/gpfs/qy1448/Double_Deep_Learning/utility/utility_data.py:48: RuntimeWarning: k >= N - 1 for N * N square matrix. Attempting to use scipy.linalg.eig instead.
  eigen_values, eigen_vectors = eigs(cov_mat, r_bar, which='LM')
/scratch/gpfs/qy1448/Double_Deep_Learning/utility/utility_data.py:48: RuntimeWarning: k >= N - 1 for N * N square matrix. Attempting to use scipy.linalg.eig instead.
  eigen_values, eigen_vectors = eigs(cov_mat, r_bar, which='LM')
/scratch/gpfs/qy1448/Double_Deep_Learning/utility/utility_data.py:48: RuntimeWarning: k >= N - 1 for N * N square matrix. Attempting to use scipy.linalg.eig instead.
  eigen_values, eigen_vectors = eigs(cov_mat, r_bar, which='LM')
/scratch/gpfs/qy1448/Double_Deep_Learning/utility/utility_data.py:48: RuntimeWarning: k >= N - 1 for N * N square matrix. Attempting to use scipy.linalg.eig instead.
  eigen_values, eigen_vectors = eigs(cov_mat, r_bar, which='LM')
/scratch/gpfs/qy1448/Double_Deep_Learning/utility/utility_data.py:48: RuntimeWarning: k >= N - 1 for N * N square matrix. Attempting to use scipy.linalg.eig instead.
  eigen_values, eigen_vectors = eigs(cov_mat, r_bar, which='LM')
/scratch/gpfs/qy1448/Double_Deep_Learning/utility/utility_data.py:48: RuntimeWarning: k >= N - 1 for N * N square matrix. Attempting to use scipy.linalg.eig instead.
  eigen_values, eigen_vectors = eigs(cov_mat, r_bar, which='LM')
/scratch/gpfs/qy1448/Double_Deep_Learning/utility/utility_data.py:48: RuntimeWarning: k >= N - 1 for N * N square matrix. Attempting to use scipy.linalg.eig instead.
  eigen_values, eigen_vectors = eigs(cov_mat, r_bar, which='LM')
/scratch/gpfs/qy1448/Double_Deep_Learning/utility/utility_data.py:48: RuntimeWarning: k >= N - 1 for N * N square matrix. Attempting to use scipy.linalg.eig instead.
  eigen_values, eigen_vectors = eigs(cov_mat, r_bar, which='LM')
/scratch/gpfs/qy1448/Double_Deep_Learning/utility/utility_data.py:48: RuntimeWarning: k >= N - 1 for N * N square matrix. Attempting to use scipy.linalg.eig instead.
  eigen_values, eigen_vectors = eigs(cov_mat, r_bar, which='LM')
/scratch/gpfs/qy1448/Double_Deep_Learning/utility/utility_data.py:48: RuntimeWarning: k >= N - 1 for N * N square matrix. Attempting to use scipy.linalg.eig instead.
  eigen_values, eigen_vectors = eigs(cov_mat, r_bar, which='LM')
/scratch/gpfs/qy1448/Double_Deep_Learning/utility/utility_data.py:48: RuntimeWarning: k >= N - 1 for N * N square matrix. Attempting to use scipy.linalg.eig instead.
  eigen_values, eigen_vectors = eigs(cov_mat, r_bar, which='LM')
/scratch/gpfs/qy1448/Double_Deep_Learning/utility/utility_data.py:48: RuntimeWarning: k >= N - 1 for N * N square matrix. Attempting to use scipy.linalg.eig instead.
  eigen_values, eigen_vectors = eigs(cov_mat, r_bar, which='LM')
/scratch/gpfs/qy1448/Double_Deep_Learning/utility/utility_data.py:48: RuntimeWarning: k >= N - 1 for N * N square matrix. Attempting to use scipy.linalg.eig instead.
  eigen_values, eigen_vectors = eigs(cov_mat, r_bar, which='LM')
/scratch/gpfs/qy1448/Double_Deep_Learning/utility/utility_data.py:48: RuntimeWarning: k >= N - 1 for N * N square matrix. Attempting to use scipy.linalg.eig instead.
  eigen_values, eigen_vectors = eigs(cov_mat, r_bar, which='LM')
/scratch/gpfs/qy1448/Double_Deep_Learning/utility/utility_data.py:48: RuntimeWarning: k >= N - 1 for N * N square matrix. Attempting to use scipy.linalg.eig instead.
  eigen_values, eigen_vectors = eigs(cov_mat, r_bar, which='LM')
/scratch/gpfs/qy1448/Double_Deep_Learning/utility/utility_data.py:48: RuntimeWarning: k >= N - 1 for N * N square matrix. Attempting to use scipy.linalg.eig instead.
  eigen_values, eigen_vectors = eigs(cov_mat, r_bar, which='LM')
/scratch/gpfs/qy1448/Double_Deep_Learning/utility/utility_data.py:48: RuntimeWarning: k >= N - 1 for N * N square matrix. Attempting to use scipy.linalg.eig instead.
  eigen_values, eigen_vectors = eigs(cov_mat, r_bar, which='LM')
/scratch/gpfs/qy1448/Double_Deep_Learning/utility/utility_data.py:48: RuntimeWarning: k >= N - 1 for N * N square matrix. Attempting to use scipy.linalg.eig instead.
  eigen_values, eigen_vectors = eigs(cov_mat, r_bar, which='LM')
/scratch/gpfs/qy1448/Double_Deep_Learning/utility/utility_data.py:48: RuntimeWarning: k >= N - 1 for N * N square matrix. Attempting to use scipy.linalg.eig instead.
  eigen_values, eigen_vectors = eigs(cov_mat, r_bar, which='LM')
/scratch/gpfs/qy1448/Double_Deep_Learning/utility/utility_data.py:48: RuntimeWarning: k >= N - 1 for N * N square matrix. Attempting to use scipy.linalg.eig instead.
  eigen_values, eigen_vectors = eigs(cov_mat, r_bar, which='LM')
/scratch/gpfs/qy1448/Double_Deep_Learning/utility/utility_data.py:48: RuntimeWarning: k >= N - 1 for N * N square matrix. Attempting to use scipy.linalg.eig instead.
  eigen_values, eigen_vectors = eigs(cov_mat, r_bar, which='LM')
/scratch/gpfs/qy1448/Double_Deep_Learning/utility/utility_data.py:48: RuntimeWarning: k >= N - 1 for N * N square matrix. Attempting to use scipy.linalg.eig instead.
  eigen_values, eigen_vectors = eigs(cov_mat, r_bar, which='LM')
/scratch/gpfs/qy1448/Double_Deep_Learning/utility/utility_data.py:48: RuntimeWarning: k >= N - 1 for N * N square matrix. Attempting to use scipy.linalg.eig instead.
  eigen_values, eigen_vectors = eigs(cov_mat, r_bar, which='LM')
/scratch/gpfs/qy1448/Double_Deep_Learning/utility/utility_data.py:48: RuntimeWarning: k >= N - 1 for N * N square matrix. Attempting to use scipy.linalg.eig instead.
  eigen_values, eigen_vectors = eigs(cov_mat, r_bar, which='LM')
/scratch/gpfs/qy1448/Double_Deep_Learning/utility/utility_data.py:48: RuntimeWarning: k >= N - 1 for N * N square matrix. Attempting to use scipy.linalg.eig instead.
  eigen_values, eigen_vectors = eigs(cov_mat, r_bar, which='LM')
/scratch/gpfs/qy1448/Double_Deep_Learning/utility/utility_data.py:48: RuntimeWarning: k >= N - 1 for N * N square matrix. Attempting to use scipy.linalg.eig instead.
  eigen_values, eigen_vectors = eigs(cov_mat, r_bar, which='LM')
/scratch/gpfs/qy1448/Double_Deep_Learning/utility/utility_data.py:48: RuntimeWarning: k >= N - 1 for N * N square matrix. Attempting to use scipy.linalg.eig instead.
  eigen_values, eigen_vectors = eigs(cov_mat, r_bar, which='LM')
/scratch/gpfs/qy1448/Double_Deep_Learning/utility/utility_data.py:48: RuntimeWarning: k >= N - 1 for N * N square matrix. Attempting to use scipy.linalg.eig instead.
  eigen_values, eigen_vectors = eigs(cov_mat, r_bar, which='LM')
/scratch/gpfs/qy1448/Double_Deep_Learning/utility/utility_data.py:48: RuntimeWarning: k >= N - 1 for N * N square matrix. Attempting to use scipy.linalg.eig instead.
  eigen_values, eigen_vectors = eigs(cov_mat, r_bar, which='LM')
/scratch/gpfs/qy1448/Double_Deep_Learning/utility/utility_data.py:48: RuntimeWarning: k >= N - 1 for N * N square matrix. Attempting to use scipy.linalg.eig instead.
  eigen_values, eigen_vectors = eigs(cov_mat, r_bar, which='LM')
/scratch/gpfs/qy1448/Double_Deep_Learning/utility/utility_data.py:48: RuntimeWarning: k >= N - 1 for N * N square matrix. Attempting to use scipy.linalg.eig instead.
  eigen_values, eigen_vectors = eigs(cov_mat, r_bar, which='LM')
/scratch/gpfs/qy1448/Double_Deep_Learning/utility/utility_data.py:48: RuntimeWarning: k >= N - 1 for N * N square matrix. Attempting to use scipy.linalg.eig instead.
  eigen_values, eigen_vectors = eigs(cov_mat, r_bar, which='LM')
/scratch/gpfs/qy1448/Double_Deep_Learning/utility/utility_data.py:48: RuntimeWarning: k >= N - 1 for N * N square matrix. Attempting to use scipy.linalg.eig instead.
  eigen_values, eigen_vectors = eigs(cov_mat, r_bar, which='LM')
/scratch/gpfs/qy1448/Double_Deep_Learning/utility/utility_data.py:48: RuntimeWarning: k >= N - 1 for N * N square matrix. Attempting to use scipy.linalg.eig instead.
  eigen_values, eigen_vectors = eigs(cov_mat, r_bar, which='LM')
/scratch/gpfs/qy1448/Double_Deep_Learning/utility/utility_data.py:48: RuntimeWarning: k >= N - 1 for N * N square matrix. Attempting to use scipy.linalg.eig instead.
  eigen_values, eigen_vectors = eigs(cov_mat, r_bar, which='LM')
/scratch/gpfs/qy1448/Double_Deep_Learning/utility/utility_data.py:48: RuntimeWarning: k >= N - 1 for N * N square matrix. Attempting to use scipy.linalg.eig instead.
  eigen_values, eigen_vectors = eigs(cov_mat, r_bar, which='LM')
/scratch/gpfs/qy1448/Double_Deep_Learning/utility/utility_data.py:48: RuntimeWarning: k >= N - 1 for N * N square matrix. Attempting to use scipy.linalg.eig instead.
  eigen_values, eigen_vectors = eigs(cov_mat, r_bar, which='LM')
/scratch/gpfs/qy1448/Double_Deep_Learning/utility/utility_data.py:48: RuntimeWarning: k >= N - 1 for N * N square matrix. Attempting to use scipy.linalg.eig instead.
  eigen_values, eigen_vectors = eigs(cov_mat, r_bar, which='LM')
/scratch/gpfs/qy1448/Double_Deep_Learning/utility/utility_data.py:48: RuntimeWarning: k >= N - 1 for N * N square matrix. Attempting to use scipy.linalg.eig instead.
  eigen_values, eigen_vectors = eigs(cov_mat, r_bar, which='LM')
/scratch/gpfs/qy1448/Double_Deep_Learning/utility/utility_data.py:48: RuntimeWarning: k >= N - 1 for N * N square matrix. Attempting to use scipy.linalg.eig instead.
  eigen_values, eigen_vectors = eigs(cov_mat, r_bar, which='LM')
/scratch/gpfs/qy1448/Double_Deep_Learning/utility/utility_data.py:48: RuntimeWarning: k >= N - 1 for N * N square matrix. Attempting to use scipy.linalg.eig instead.
  eigen_values, eigen_vectors = eigs(cov_mat, r_bar, which='LM')
/scratch/gpfs/qy1448/Double_Deep_Learning/utility/utility_data.py:48: RuntimeWarning: k >= N - 1 for N * N square matrix. Attempting to use scipy.linalg.eig instead.
  eigen_values, eigen_vectors = eigs(cov_mat, r_bar, which='LM')
/scratch/gpfs/qy1448/Double_Deep_Learning/utility/utility_data.py:48: RuntimeWarning: k >= N - 1 for N * N square matrix. Attempting to use scipy.linalg.eig instead.
  eigen_values, eigen_vectors = eigs(cov_mat, r_bar, which='LM')
/scratch/gpfs/qy1448/Double_Deep_Learning/utility/utility_data.py:48: RuntimeWarning: k >= N - 1 for N * N square matrix. Attempting to use scipy.linalg.eig instead.
  eigen_values, eigen_vectors = eigs(cov_mat, r_bar, which='LM')
/scratch/gpfs/qy1448/Double_Deep_Learning/utility/utility_data.py:48: RuntimeWarning: k >= N - 1 for N * N square matrix. Attempting to use scipy.linalg.eig instead.
  eigen_values, eigen_vectors = eigs(cov_mat, r_bar, which='LM')
/scratch/gpfs/qy1448/Double_Deep_Learning/utility/utility_data.py:48: RuntimeWarning: k >= N - 1 for N * N square matrix. Attempting to use scipy.linalg.eig instead.
  eigen_values, eigen_vectors = eigs(cov_mat, r_bar, which='LM')
/scratch/gpfs/qy1448/Double_Deep_Learning/utility/utility_data.py:48: RuntimeWarning: k >= N - 1 for N * N square matrix. Attempting to use scipy.linalg.eig instead.
  eigen_values, eigen_vectors = eigs(cov_mat, r_bar, which='LM')
/scratch/gpfs/qy1448/Double_Deep_Learning/utility/utility_data.py:48: RuntimeWarning: k >= N - 1 for N * N square matrix. Attempting to use scipy.linalg.eig instead.
  eigen_values, eigen_vectors = eigs(cov_mat, r_bar, which='LM')
/scratch/gpfs/qy1448/Double_Deep_Learning/utility/utility_data.py:48: RuntimeWarning: k >= N - 1 for N * N square matrix. Attempting to use scipy.linalg.eig instead.
  eigen_values, eigen_vectors = eigs(cov_mat, r_bar, which='LM')
/scratch/gpfs/qy1448/Double_Deep_Learning/utility/utility_data.py:48: RuntimeWarning: k >= N - 1 for N * N square matrix. Attempting to use scipy.linalg.eig instead.
  eigen_values, eigen_vectors = eigs(cov_mat, r_bar, which='LM')
/scratch/gpfs/qy1448/Double_Deep_Learning/utility/utility_data.py:48: RuntimeWarning: k >= N - 1 for N * N square matrix. Attempting to use scipy.linalg.eig instead.
  eigen_values, eigen_vectors = eigs(cov_mat, r_bar, which='LM')
/scratch/gpfs/qy1448/Double_Deep_Learning/utility/utility_data.py:48: RuntimeWarning: k >= N - 1 for N * N square matrix. Attempting to use scipy.linalg.eig instead.
  eigen_values, eigen_vectors = eigs(cov_mat, r_bar, which='LM')
/scratch/gpfs/qy1448/Double_Deep_Learning/utility/utility_data.py:48: RuntimeWarning: k >= N - 1 for N * N square matrix. Attempting to use scipy.linalg.eig instead.
  eigen_values, eigen_vectors = eigs(cov_mat, r_bar, which='LM')
/scratch/gpfs/qy1448/Double_Deep_Learning/utility/utility_data.py:48: RuntimeWarning: k >= N - 1 for N * N square matrix. Attempting to use scipy.linalg.eig instead.
  eigen_values, eigen_vectors = eigs(cov_mat, r_bar, which='LM')
/scratch/gpfs/qy1448/Double_Deep_Learning/utility/utility_data.py:48: RuntimeWarning: k >= N - 1 for N * N square matrix. Attempting to use scipy.linalg.eig instead.
  eigen_values, eigen_vectors = eigs(cov_mat, r_bar, which='LM')
/scratch/gpfs/qy1448/Double_Deep_Learning/utility/utility_data.py:48: RuntimeWarning: k >= N - 1 for N * N square matrix. Attempting to use scipy.linalg.eig instead.
  eigen_values, eigen_vectors = eigs(cov_mat, r_bar, which='LM')
Traceback (most recent call last):
  File "/scratch/gpfs/qy1448/Double_Deep_Learning/exp/exp2_size_compare/run_FASTNN_size_compare_array.py", line 125, in <module>
    pd.DataFrame(pi_hat_mat).to_csv(path_variable_outer + path_inner_pi_hat, index=False)  # optinal intermediate result 
    ^^^^^^^^^^^^^^^^^^^^^^^^^^^^^^^^^^^^^^^^^^^^^^^^^^^^^^^^^^^^^^^^^^^^^^^^^^^^^^^^^^^^^
  File "/scratch/gpfs/qy1448/.conda/envs/Double_Deep_Learning_env/lib/python3.11/site-packages/pandas/util/_decorators.py", line 333, in wrapper
    return func(*args, **kwargs)
           ^^^^^^^^^^^^^^^^^^^^^
  File "/scratch/gpfs/qy1448/.conda/envs/Double_Deep_Learning_env/lib/python3.11/site-packages/pandas/core/generic.py", line 3967, in to_csv
    return DataFrameRenderer(formatter).to_csv(
           ^^^^^^^^^^^^^^^^^^^^^^^^^^^^^^^^^^^^
  File "/scratch/gpfs/qy1448/.conda/envs/Double_Deep_Learning_env/lib/python3.11/site-packages/pandas/io/formats/format.py", line 1014, in to_csv
    csv_formatter.save()
  File "/scratch/gpfs/qy1448/.conda/envs/Double_Deep_Learning_env/lib/python3.11/site-packages/pandas/io/formats/csvs.py", line 251, in save
    with get_handle(
         ^^^^^^^^^^^
  File "/scratch/gpfs/qy1448/.conda/envs/Double_Deep_Learning_env/lib/python3.11/site-packages/pandas/io/common.py", line 749, in get_handle
    check_parent_directory(str(handle))
  File "/scratch/gpfs/qy1448/.conda/envs/Double_Deep_Learning_env/lib/python3.11/site-packages/pandas/io/common.py", line 616, in check_parent_directory
    raise OSError(rf"Cannot save file into a non-existent directory: '{parent}'")
OSError: Cannot save file into a non-existent directory: '/scratch/gpfs/qy1448/Double_Deep_Learning/exp/exp2_size_compare/variable'
